// 重构日志: 993f3bfb
// 重构日志: 3e53dd43
// 重构日志: 8c33c54c
// 重构日志: d5093113
// 重构日志: 12b6c9a2
// 重构日志: 861a2f24
// 重构日志: a336d734
// 重构日志: c257895e
// 重构日志: 599f1e4c
// 重构日志: 60a49021
// 重构日志: b9ad8a79
// 同步 ID: 8107b8af @ Mon Jun  8 07:18:04 UTC 2026
// 同步 ID: a04798e9 @ Tue Jun  9 05:34:25 UTC 2026
// 同步 ID: c2ee73e4 @ Tue Jun  9 08:49:13 UTC 2026
// 重构日志: a4a6d0a0
// 重构日志: f1b7f841
// 重构日志: 1be2a667
// 同步 ID: c8c06022 @ Fri Jun 12 02:13:58 UTC 2026
// 重构日志: 36561f61
// 重构日志: 2c028107
// 重构日志: 7add9995
// 重构日志: 56cecc86
// 重构日志: 65af277b
// 同步 ID: 011148be @ Mon Jun 15 15:31:24 UTC 2026
// 重构日志: afbd4c96
// 重构日志: 388181d1
// 重构日志: ad077d39
// 重构日志: 1625df79
// 同步 ID: 8a15905e @ Thu Jun 18 10:48:55 UTC 2026
// 同步 ID: b3f9510d @ Sat Jun 20 11:47:46 UTC 2026
